<?xml version="1.0" encoding="UTF-8"?>
<!-- Generated by org.testng.reporters.JUnitReportReporter -->
<testsuite hostname="Nithiyas-MacBook-Air.local" failures="0" tests="1" name="testcases.TC02_LoginTest" time="0.856" errors="0" timestamp="2024-07-11T20:50:28 IST" skipped="0">
  <testcase classname="testcases.TC02_LoginTest" name="login" time="0.856"/>
</testsuite> <!-- testcases.TC02_LoginTest -->
