<?xml version="1.0" encoding="UTF-8"?>
<!-- Generated by org.testng.reporters.JUnitReportReporter -->
<testsuite hostname="Nithiyas-MacBook-Air.local" failures="0" tests="1" name="testcases.TC01_Accountregistrationtest" time="1.687" errors="0" timestamp="2024-07-11T20:50:28 IST" skipped="0">
  <testcase classname="testcases.TC01_Accountregistrationtest" name="verify_account_details" time="1.687"/>
</testsuite> <!-- testcases.TC01_Accountregistrationtest -->
